<?xml version="1.0" encoding="UTF-8"?>
<!-- Generated by org.testng.reporters.JUnitReportReporter -->
<testsuite skipped="0" hostname="HomePC" name="test.AddCustomerTest" tests="1" failures="0" timestamp="2022-02-23T19:59:46 CST" time="6.847" errors="0">
  <testcase name="validUserShouldBeAbleToCreateAccount" time="6.847" classname="test.AddCustomerTest"/>
  <system-out/>
</testsuite> <!-- test.AddCustomerTest -->
